<?xml version="1.0" encoding="UTF-8"?>
<!-- Generated by org.testng.reporters.JUnitXMLReporter -->
<testsuite ignored="0" hostname="DESKTOP-EI4D21P" failures="2" tests="4" name="Test" time="105.207" errors="0" timestamp="2024-05-25T14:36:16 IST">
  <testcase classname="wingifyAssignmentTest.WingifyTestCase_01" name="launchingandlogin" time="33.617"/>
  <testcase classname="wingifyAssignmentTest.WingifyTestCase02" name="launchinghomepageafterlogin" time="25.017"/>
  <testcase classname="wingifyAssignmentTest.WingifyTestCase03" name="amountsortinincreasingorderfails" time="16.75">
    <failure type="java.lang.AssertionError" message="Amounts should sort in increasingorder  expected [false] but found [true]">
      <![CDATA[java.lang.AssertionError: Amounts should sort in increasingorder  expected [false] but found [true]
at wingifyAssignmentSource.HomePage.amountsortinincreasingorderfailure(HomePage.java:38)
at wingifyAssignmentTest.WingifyTestCase03.amountsortinincreasingorderfails(WingifyTestCase03.java:19)
at java.base/java.util.ArrayList.forEach(ArrayList.java:1511)
... Removed 32 stack frames]]>
    </failure>
  </testcase> <!-- amountsortinincreasingorderfails -->
  <testcase classname="wingifyAssignmentTest.WingifyTestCase04" name="amountsortindecreasingorderfails" time="16.57">
    <failure type="java.lang.AssertionError" message="Amounts should sort in decreasing order expected [false] but found [true]">
      <![CDATA[java.lang.AssertionError: Amounts should sort in decreasing order expected [false] but found [true]
at wingifyAssignmentSource.HomePage.amountsortindecreasingorderfailure(HomePage.java:52)
at wingifyAssignmentTest.WingifyTestCase04.amountsortindecreasingorderfails(WingifyTestCase04.java:19)
at java.base/java.util.ArrayList.forEach(ArrayList.java:1511)
... Removed 32 stack frames]]>
    </failure>
  </testcase> <!-- amountsortindecreasingorderfails -->
</testsuite> <!-- Test -->
